<?xml version="1.0" encoding="UTF-8"?>
<coverage generated="1685542683423" clover="3.2.0">
  <project timestamp="1685542683423" name="All files">
    <metrics statements="11" coveredstatements="11" conditionals="12" coveredconditionals="12" methods="1" coveredmethods="1" elements="24" coveredelements="24" complexity="0" loc="11" ncloc="11" packages="1" files="1" classes="1"/>
    <file name="createItem.js" path="/home/xubunto/Documentos/Projetos/trybe/trybe-exercicios/01-fundamentos/secao-06-introducao-a-javascript-es6-e-testes-unitarios/dia-03-matchers-e-cobertura-de-codigo/fixacao-testes/createItem.js">
      <metrics statements="11" coveredstatements="11" conditionals="12" coveredconditionals="12" methods="1" coveredmethods="1"/>
      <line num="1" count="1" type="stmt"/>
      <line num="3" count="6" type="cond" truecount="6" falsecount="0"/>
      <line num="4" count="1" type="stmt"/>
      <line num="7" count="5" type="cond" truecount="2" falsecount="0"/>
      <line num="8" count="1" type="stmt"/>
      <line num="11" count="4" type="cond" truecount="2" falsecount="0"/>
      <line num="12" count="2" type="stmt"/>
      <line num="15" count="2" type="cond" truecount="2" falsecount="0"/>
      <line num="16" count="1" type="stmt"/>
      <line num="19" count="2" type="stmt"/>
      <line num="26" count="1" type="stmt"/>
    </file>
  </project>
</coverage>
